<?xml version="1.0" encoding="UTF-8"?>
<!-- Generated by org.testng.reporters.JUnitReportReporter -->
<testsuite hostname="Darshan" failures="0" tests="1" name="ApiTesting.First" time="3.523" errors="0" timestamp="2024-11-13T16:43:00 IST" skipped="0">
  <testcase classname="ApiTesting.First" name="addnewproduct" time="3.523"/>
</testsuite> <!-- ApiTesting.First -->
