<?xml version="1.0" encoding="UTF-8"?>
<!-- Generated by org.testng.reporters.JUnitReportReporter -->
<testsuite hostname="Darshan" failures="0" tests="2" name="Test.Logintest" time="29.112" errors="0" timestamp="2024-10-30T11:27:53 IST" skipped="0">
  <testcase classname="Test.Logintest" name="login" time="3.112"/>
  <testcase classname="Test.Logintest" name="login" time="26.000"/>
</testsuite> <!-- Test.Logintest -->
