<?xml version="1.0" encoding="UTF-8"?>
<!-- Generated by org.testng.reporters.JUnitReportReporter -->
<testsuite hostname="Darshan" failures="0" tests="1" name="SeleniumP" time="12.684" errors="0" timestamp="2024-10-11T11:40:18 IST" skipped="0">
  <testcase classname="SeleniumP" name="test" time="12.684"/>
</testsuite> <!-- SeleniumP -->
